<?xml version="1.0" encoding="UTF-8"?>
<testsuite xmlns:xsi="http://www.w3.org/2001/XMLSchema-instance" xsi:noNamespaceSchemaLocation="https://maven.apache.org/surefire/maven-surefire-plugin/xsd/surefire-test-report-3.0.xsd" version="3.0" name="TestSuite" time="46.136" tests="5" errors="0" skipped="0" failures="2">
  <properties>
[...]
</properties>
  <testcase name="validate" classname="Framework.ValidateText" time="0.002">
    <failure message="expected:&lt;FEATURED COURSES&gt; but was:&lt;FEATURED COURSES123&gt;" type="java.lang.AssertionError"><![CDATA[java.lang.AssertionError: expected:<FEATURED COURSES> but was:<FEATURED COURSES123>
	at Framework.ValidateText.validate(ValidateText.java:29)
]]></failure>
    <system-err><![CDATA[ERROR StatusLogger Log4j2 could not find a logging implementation. Please add log4j-core to the classpath. Using SimpleLogger to log to the console...
1626450810973	geckodriver	INFO	Listening on 127.0.0.1:28721
1166226644550801811018018	1ge	cgkeocdkroidverri	vIeNrF	O	ILNiFOst	eLniisntge noinn 1g2 7o.n0 .1027..10:.209.218:21
9446
1626450811827	mozru1n6n2e6r4:5:0r8u1n1n8e2r8		ImNoFzrOu	nRnuenrn:i:nrgun ncero	mImNaFnOd	:R u"nCn:in\g\ Pcroomgmranadm : F"iCl:e\s\\P\rMogorzaiml Flial Feisr\e\fMooxz\i\lflirae Ffiorxe.feoxxe\"\ "f-i-rmeafroixo.neetxtee""  ""---fomraergiroonuentd"t e""- no-"r-emfootree"g r"o-upnrdo"f i"l-en"o -"rC:e\m\oPteR"O GR"A-~p1r\o\fKile" "C:\\PMRSOpGiRcA~1\\KMSpico\\temp\\rust_mozprofileOplB3u"
o\\temp\\rust_mozprofileKvU2UA"
1626450811835	mozrunner::runner	INFO	Running command: "C:\\Program Files\\Mozilla Firefox\\firefox.exe" "--marionette" "-foreground" "-no-remote" "-profile" "C:\\PROGRA~1\\KMSpico\\temp\\rust_mozprofileR1wuQ4"
1626450812769	Marionette	INFO	Marionette enabled
1626450812806	Marionette	INFO	Marionette enabled
1626450812955	Marionette	INFO	Marionette enabled
console.warn: SearchSettings: "get: No settings file exists, new profile?" (new NotFoundError("Could not open the file at C:\\Program Files\\KMSpico\\temp\\rust_mozprofileR1wuQ4\\search.json.mozlz4", (void 0)))
console.warn: SearchSettings: "get: No settings file exists, new profile?" (new NotFoundError("Could not open the file at C:\\Program Files\\KMSpico\\temp\\rust_mozprofileKvU2UA\\search.json.mozlz4", (void 0)))
console.warn: SearchSettings: "get: No settings file exists, new profile?" (new NotFoundError("Could not open the file at C:\\Program Files\\KMSpico\\temp\\rust_mozprofileOplB3u\\search.json.mozlz4", (void 0)))
1626450823343	Marionette	INFO	Listening on port 61302
1626450823584	Marionette	INFO	Listening on port 61303
1626450824018	Marionette	INFO	Listening on port 61301
1626450824151	Marionette	WARN	TLS certificate errors will be ignored for this session
Jul 16, 2021 9:23:44 PM org.openqa.selenium.remote.ProtocolHandshake createSession
INFO: Detected dialect: W3C
console.error: Region.jsm: "Error fetching region" (new Error("TIMEOUT", "resource://gre/modules/Region.jsm", 772))
console.error: Region.jsm: "Failed to fetch region" (new Error("TIMEOUT", "resource://gre/modules/Region.jsm", 419))
console.error: Region.jsm: "Error fetching region" (new Error("TIMEOUT", "resource://gre/modules/Region.jsm", 772))
console.error: Region.jsm: "Failed to fetch region" (new Error("TIMEOUT", "resource://gre/modules/Region.jsm", 419))
1626450824658	Marionette	WARN	TLS certificate errors will be ignored for this session
Jul 16, 2021 9:23:44 PM org.openqa.selenium.remote.ProtocolHandshake createSession
INFO: Detected dialect: W3C
1626450824883	Marionette	WARN	TLS certificate errors will be ignored for this session
Jul 16, 2021 9:23:44 PM org.openqa.selenium.remote.ProtocolHandshake createSession
INFO: Detected dialect: W3C
]]></system-err>
  </testcase>
  <testcase name="validate" classname="Framework.ValidateText" time="0.003">
    <failure type="java.lang.NullPointerException"><![CDATA[java.lang.NullPointerException
]]></failure>
  </testcase>
  <testcase name="navBarValidation" classname="Framework.TestCase_03" time="0.012">
    <system-err><![CDATA[1626450833891	Marionette	INFO	Stopped listening on port 61301
]]></system-err>
  </testcase>
  <testcase name="basePage[User1@abc.com, 123456](1)" classname="Framework.TestCase_01" time="1.378">
    <system-err><![CDATA[1626450833966	Marionette	INFO	Stopped listening on port 61302
JavaScript error: resource://gre/modules/UrlClassifierListManager.jsm, line 691: TypeError: this.tablesData[table] is undefined
JavaScript error: resource://gre/modules/AsyncShutdown.jsm, line 718: Error: Phase "Sqlite.jsm: wait until all connections are closed" is finished, it is too late to register completion condition "protections.sqlite#0: waiting for shutdown"
JavaScript error: resource://gre/modules/UrlClassifierListManager.jsm, line 691: TypeError: this.tablesData[table] is undefined
JavaScript error: resource://gre/modules/Sqlite.jsm, line 1030: Error: Sqlite.jsm has been shutdown. Cannot open connection to: C:\Program Files\KMSpico\temp\rust_mozprofileKvU2UA\protections.sqlite
[Parent 16188, IPC I/O Parent] WARNING: file /builds/worker/checkouts/gecko/ipc/chromium/src/base/process_util_win.cc:167
]]></system-err>
  </testcase>
  <testcase name="basePage[User2@abc.com, QWERTY](2)" classname="Framework.TestCase_01" time="16.879">
    <system-err><![CDATA[1626450837323	geckodriver	INFO	Listening on 127.0.0.1:27571
1626450838019	mozrunner::runner	INFO	Running command: "C:\\Program Files\\Mozilla Firefox\\firefox.exe" "--marionette" "-foreground" "-no-remote" "-profile" "C:\\PROGRA~1\\KMSpico\\temp\\rust_mozprofilekAvhBO"
1626450839232	Marionette	INFO	Marionette enabled

###!!! [Child][RunMessage] Error: Channel closing: too late to send/recv, messages will be lost


###!!! [Child][RunMessage] Error: Channel closing: too late to send/recv, messages will be lost

console.warn: SearchSettings: "get: No settings file exists, new profile?" (new NotFoundError("Could not open the file at C:\\Program Files\\KMSpico\\temp\\rust_mozprofilekAvhBO\\search.json.mozlz4", (void 0)))
1626450847071	Marionette	INFO	Listening on port 61578
1626450848006	Marionette	WARN	TLS certificate errors will be ignored for this session
Jul 16, 2021 9:24:08 PM org.openqa.selenium.remote.ProtocolHandshake createSession
INFO: Detected dialect: W3C
]]></system-err>
  </testcase>
</testsuite>