<?xml version="1.0" encoding="UTF-8"?>
<testng-results ignored="0" total="3" passed="3" failed="0" skipped="0">
  <reporter-output>
  </reporter-output>
  <suite started-at="2021-07-16T21:23:30 IST" name="Suite" finished-at="2021-07-16T21:24:15 IST" duration-ms="45105">
    <groups>
    </groups>
    <test started-at="2021-07-16T21:23:30 IST" name="Module03" finished-at="2021-07-16T21:24:03 IST" duration-ms="33101">
      <class name="Framework.TestCase_03">
        <test-method is-config="true" signature="preRequisites()[pri:0, instance:Framework.TestCase_03@47d9a273]" started-at="2021-07-16T21:23:30 IST" name="preRequisites" finished-at="2021-07-16T21:23:53 IST" duration-ms="23569" status="PASS">
          <reporter-output>
          </reporter-output>
        </test-method> <!-- preRequisites -->
        <test-method signature="navBarValidation()[pri:0, instance:Framework.TestCase_03@47d9a273]" started-at="2021-07-16T21:23:53 IST" name="navBarValidation" finished-at="2021-07-16T21:23:53 IST" duration-ms="222" status="PASS">
          <reporter-output>
          </reporter-output>
        </test-method> <!-- navBarValidation -->
        <test-method is-config="true" signature="tearDown()[pri:0, instance:Framework.TestCase_03@47d9a273]" started-at="2021-07-16T21:23:53 IST" name="tearDown" finished-at="2021-07-16T21:24:03 IST" duration-ms="9295" status="PASS">
          <reporter-output>
          </reporter-output>
        </test-method> <!-- tearDown -->
      </class> <!-- Framework.TestCase_03 -->
    </test> <!-- Module03 -->
    <test started-at="2021-07-16T21:23:30 IST" name="Module01" finished-at="2021-07-16T21:24:15 IST" duration-ms="45105">
      <class name="Framework.TestCase_01">
        <test-method signature="basePage(java.lang.String,java.lang.String)[pri:0, instance:Framework.TestCase_01@21e360a]" started-at="2021-07-16T21:23:30 IST" name="basePage" data-provider="getData" finished-at="2021-07-16T21:23:57 IST" duration-ms="26863" status="PASS">
          <params>
            <param index="0">
              <value>
                <![CDATA[User1@abc.com]]>
              </value>
            </param>
            <param index="1">
              <value>
                <![CDATA[123456]]>
              </value>
            </param>
          </params>
          <reporter-output>
          </reporter-output>
        </test-method> <!-- basePage -->
        <test-method signature="basePage(java.lang.String,java.lang.String)[pri:0, instance:Framework.TestCase_01@21e360a]" started-at="2021-07-16T21:23:57 IST" name="basePage" data-provider="getData" finished-at="2021-07-16T21:24:13 IST" duration-ms="16544" status="PASS">
          <params>
            <param index="0">
              <value>
                <![CDATA[User2@abc.com]]>
              </value>
            </param>
            <param index="1">
              <value>
                <![CDATA[QWERTY]]>
              </value>
            </param>
          </params>
          <reporter-output>
          </reporter-output>
        </test-method> <!-- basePage -->
        <test-method is-config="true" signature="tearDown()[pri:0, instance:Framework.TestCase_01@21e360a]" started-at="2021-07-16T21:24:13 IST" name="tearDown" finished-at="2021-07-16T21:24:15 IST" duration-ms="1625" status="PASS">
          <reporter-output>
          </reporter-output>
        </test-method> <!-- tearDown -->
      </class> <!-- Framework.TestCase_01 -->
    </test> <!-- Module01 -->
  </suite> <!-- Suite -->
</testng-results>
