<?xml version="1.0" encoding="UTF-8"?>
<testng-results ignored="0" total="2" passed="2" failed="0" skipped="0">
  <reporter-output>
  </reporter-output>
  <suite started-at="2021-08-08T07:46:49 IST" name="PageObjectRevision" finished-at="2021-08-08T07:48:27 IST" duration-ms="98090">
    <groups>
    </groups>
    <test started-at="2021-08-08T07:46:49 IST" name="Module01" finished-at="2021-08-08T07:48:27 IST" duration-ms="98090">
      <class name="Framework.TestCase_POM_02">
        <test-method is-config="true" signature="setUp()[pri:0, instance:Framework.TestCase_POM_02@505fc5a4]" started-at="2021-08-08T07:48:05 IST" name="setUp" finished-at="2021-08-08T07:48:22 IST" duration-ms="17577" status="PASS">
          <reporter-output>
          </reporter-output>
        </test-method> <!-- setUp -->
        <test-method signature="TC02()[pri:0, instance:Framework.TestCase_POM_02@505fc5a4]" started-at="2021-08-08T07:48:23 IST" name="TC02" finished-at="2021-08-08T07:48:27 IST" duration-ms="4185" status="PASS">
          <reporter-output>
          </reporter-output>
        </test-method> <!-- TC02 -->
      </class> <!-- Framework.TestCase_POM_02 -->
      <class name="Framework.TestCase_POM">
        <test-method is-config="true" signature="setUp()[pri:0, instance:Framework.TestCase_POM@78123e82]" started-at="2021-08-08T07:46:49 IST" name="setUp" finished-at="2021-08-08T07:48:05 IST" duration-ms="75781" status="PASS">
          <reporter-output>
          </reporter-output>
        </test-method> <!-- setUp -->
        <test-method signature="TC01()[pri:0, instance:Framework.TestCase_POM@78123e82]" started-at="2021-08-08T07:48:22 IST" name="TC01" finished-at="2021-08-08T07:48:23 IST" duration-ms="406" status="PASS">
          <reporter-output>
          </reporter-output>
        </test-method> <!-- TC01 -->
      </class> <!-- Framework.TestCase_POM -->
    </test> <!-- Module01 -->
  </suite> <!-- PageObjectRevision -->
</testng-results>
